2012-08-19 21:35:49,457  INFO MainRunner:16 - Starting the chess
2012-08-19 21:35:56,847  INFO MainRunner:26 - Line from engine = xboard
2012-08-19 21:35:56,847  INFO MainRunner:46 - Ready to work
2012-08-19 21:36:02,550  INFO MainRunner:26 - Line from engine = protover 2
2012-08-19 21:36:02,550  INFO MainRunner:65 - Protocol version detected = 2
2012-08-19 21:36:08,519  INFO MainRunner:26 - Line from engine = go
2012-08-19 21:36:08,519  INFO MainRunner:74 - Detected allowance to go. Move number = 1
2012-08-19 21:36:18,816  INFO MainRunner:26 - Line from engine = usermove e7e5
2012-08-19 21:36:18,816  INFO MainRunner:74 - Detected allowance to go. Move number = 2
2012-08-19 21:36:22,050  INFO MainRunner:26 - Line from engine = draw
2012-08-19 21:36:24,488  INFO MainRunner:26 - Line from engine = draw
2012-08-19 21:36:27,644  INFO MainRunner:26 - Line from engine = offer draw
2012-11-17 22:38:06,250  INFO WinboardController:60 - Received quit command
2012-11-17 22:38:12,531  INFO WinboardController:60 - Received quit command
2012-11-24 21:20:13,671  INFO WinboardController:60 - Received quit command
2012-11-24 21:42:13,375  INFO WinboardPlayer:60 - Received quit command
2012-11-25 21:07:41,984  INFO WinboardPlayer:60 - Received quit command
2012-11-25 21:56:09,812  INFO WinboardPlayer:60 - Received quit command
2012-11-25 22:03:04,093  INFO WinboardPlayer:60 - Received quit command
2012-11-25 22:03:51,812  INFO WinboardPlayer:60 - Received quit command
2012-11-25 22:08:43,000  INFO WinboardPlayer:110 - Received quit command
2012-11-25 22:10:48,843  INFO WinboardPlayer:109 - Received quit command
2012-11-25 22:32:51,187  INFO WinboardPlayer:80 - Protocol version detected = 2
2012-11-25 22:32:54,671  INFO WinboardPlayer:112 - Received quit command
2012-11-25 22:32:54,671  INFO WinboardPlayer:80 - Protocol version detected = 2
2012-11-25 22:38:33,578  INFO WinboardPlayer:80 - Protocol version detected = 2
2012-11-26 23:06:00,781  INFO WinboardPlayer:78 - Protocol version detected = 2
2012-12-02 14:30:08,125  INFO WinboardPlayer:77 - Protocol version detected = 2
2012-12-02 14:48:55,890  INFO WinboardPlayer:77 - Protocol version detected = 2
2012-12-02 21:09:43,468  INFO WinboardPlayer:77 - Protocol version detected = 2
2012-12-02 21:09:55,250  INFO WinboardPlayer:77 - Protocol version detected = 2
2012-12-02 21:10:22,875  INFO WinboardPlayer:77 - Protocol version detected = 2
2012-12-02 22:26:43,046  INFO WinboardPlayer:77 - Protocol version detected = 2
2012-12-02 22:26:49,796  INFO WinboardPlayer:77 - Protocol version detected = 2
2012-12-02 22:27:02,531  INFO WinboardPlayer:77 - Protocol version detected = 2
2012-12-02 22:27:08,093  INFO WinboardPlayer:77 - Protocol version detected = 2
2012-12-02 22:28:33,187  INFO WinboardPlayer:77 - Protocol version detected = 2
2012-12-02 22:37:23,265  INFO WinboardPlayer:77 - Protocol version detected = 2
2012-12-02 22:39:57,734  INFO WinboardPlayer:77 - Protocol version detected = 2
2012-12-16 12:38:27,015  INFO WinboardPlayer:77 - Protocol version detected = 2
2012-12-16 12:43:37,765  INFO WinboardPlayer:77 - Protocol version detected = 2
2012-12-31 15:19:13,968  INFO WinboardPlayer:77 - Protocol version detected = 2
2012-12-31 15:20:31,718  INFO WinboardPlayer:77 - Protocol version detected = 2
2012-12-31 15:21:13,218  INFO WinboardPlayer:77 - Protocol version detected = 2
2012-12-31 17:12:16,250  INFO WinboardPlayer:77 - Protocol version detected = 2
2012-12-31 17:13:00,640  INFO WinboardPlayer:77 - Protocol version detected = 2
2012-12-31 17:18:28,578  INFO WinboardPlayer:77 - Protocol version detected = 2
2012-12-31 17:20:11,546  INFO WinboardPlayer:77 - Protocol version detected = 2
2012-12-31 17:24:31,062  INFO WinboardPlayer:77 - Protocol version detected = 2
2012-12-31 17:25:51,703  INFO WinboardPlayer:77 - Protocol version detected = 2
2012-12-31 17:27:46,734  INFO WinboardPlayer:77 - Protocol version detected = 2
2012-12-31 17:28:10,750  INFO WinboardPlayer:77 - Protocol version detected = 2
2012-12-31 17:35:35,453  INFO WinboardPlayer:78 - Protocol version detected = 2
2012-12-31 17:39:32,125  INFO WinboardPlayer:78 - Protocol version detected = 2
2012-12-31 17:40:20,437  INFO WinboardPlayer:78 - Protocol version detected = 2
2012-12-31 17:43:26,359  INFO WinboardPlayer:78 - Protocol version detected = 2
2013-01-01 17:48:30,765  INFO WinboardPlayer:79 - Protocol version detected = 2
2013-01-01 17:51:35,828  INFO WinboardPlayer:67 - Protocol version detected = 2
2013-01-06 17:22:34,234  INFO WinboardPlayer:67 - Protocol version detected = 2
2013-04-04 19:30:25,843  INFO WinboardPlayer:67 - Protocol version detected = 2
2013-04-04 19:31:02,031  INFO WinboardPlayer:67 - Protocol version detected = 2
2013-04-04 19:31:07,500  INFO WinboardPlayer:67 - Protocol version detected = 2
2013-04-04 19:31:09,515  INFO WinboardPlayer:67 - Protocol version detected = 2
2013-04-04 19:31:09,546  INFO WinboardPlayer:67 - Protocol version detected = 2
2013-04-04 19:31:10,828  INFO WinboardPlayer:67 - Protocol version detected = 2
2013-04-04 19:31:10,859  INFO WinboardPlayer:67 - Protocol version detected = 2
2013-04-04 19:31:18,156  INFO WinboardPlayer:67 - Protocol version detected = 2
2013-04-05 17:59:40,796  INFO WinboardPlayer:67 - Protocol version detected = 2
2013-04-05 17:59:45,734  INFO WinboardPlayer:67 - Protocol version detected = 2
2013-04-05 17:59:47,781  INFO WinboardPlayer:67 - Protocol version detected = 2
2013-04-05 17:59:47,812  INFO WinboardPlayer:67 - Protocol version detected = 2
2013-04-05 17:59:52,765  INFO WinboardPlayer:67 - Protocol version detected = 2
2013-04-05 17:59:56,437  INFO WinboardPlayer:67 - Protocol version detected = 2
2013-04-05 17:59:56,484  INFO WinboardPlayer:67 - Protocol version detected = 2
2013-04-06 18:01:40,953  INFO WinboardPlayer:67 - Protocol version detected = 2
2013-04-13 17:41:34,625  INFO WinboardPlayer:67 - Protocol version detected = 2
2013-04-13 23:50:01,031  INFO WinboardPlayer:66 - Protocol version detected = 2
2013-04-14 22:50:28,984  INFO WinboardPlayer:66 - Protocol version detected = 2
2013-04-14 23:17:27,781  INFO WinboardPlayer:63 - Protocol version detected = 2
2013-04-15 21:56:38,734  INFO WinboardPlayer:65 - Protocol version detected = 2
2013-04-15 22:00:47,687  INFO WinboardPlayer:65 - Protocol version detected = 2
2013-04-15 22:01:30,187  INFO WinboardPlayer:65 - Protocol version detected = 2
2013-04-15 22:21:37,390  INFO WinboardPlayer:65 - Protocol version detected = 2
2013-04-15 22:46:52,468  INFO WinboardPlayer:64 - Protocol version detected = 2
2013-04-15 23:33:12,828  INFO WinboardPlayer:70 - Protocol version detected = 2
2013-04-16 22:48:30,132  INFO WinboardPlayer:70 - Protocol version detected = 2
2013-04-18 22:18:33,171  INFO WinboardPlayer:70 - Protocol version detected = 2
2013-04-18 22:34:06,921  INFO WinboardPlayer:70 - Protocol version detected = 2
2013-04-18 22:36:04,765  INFO WinboardPlayer:70 - Protocol version detected = 2
2013-04-18 22:38:08,671  INFO WinboardPlayer:70 - Protocol version detected = 2
2013-04-18 22:47:26,890  INFO WinboardPlayer:70 - Protocol version detected = 2
2013-04-18 22:47:50,406  INFO WinboardPlayer:70 - Protocol version detected = 2
2013-04-18 22:48:25,250  INFO WinboardPlayer:70 - Protocol version detected = 2
2013-04-18 22:50:15,046  INFO WinboardPlayer:70 - Protocol version detected = 2
2013-04-18 22:53:18,593  INFO WinboardPlayer:70 - Protocol version detected = 2
2013-04-18 22:56:18,843  INFO WinboardPlayer:70 - Protocol version detected = 2
2013-05-04 15:49:30,671  INFO WinboardPlayer:70 - Protocol version detected = 2
2013-05-04 15:57:07,062  INFO WinboardPlayer:70 - Protocol version detected = 2
2013-05-04 15:59:08,234  INFO WinboardPlayer:70 - Protocol version detected = 2
2013-05-04 16:00:30,109  INFO WinboardPlayer:70 - Protocol version detected = 2
2013-05-04 16:00:56,250  INFO WinboardPlayer:70 - Protocol version detected = 2
2013-05-04 16:01:24,062  INFO WinboardPlayer:70 - Protocol version detected = 2
2013-05-04 16:05:10,437  INFO WinboardPlayer:70 - Protocol version detected = 2
2013-05-04 16:08:27,343  INFO WinboardPlayer:70 - Protocol version detected = 2
2013-05-04 16:12:43,296  INFO WinboardPlayer:70 - Protocol version detected = 2
2013-05-04 16:13:02,187  INFO WinboardPlayer:70 - Protocol version detected = 2
2013-05-04 16:14:08,015  INFO WinboardPlayer:70 - Protocol version detected = 2
2013-05-04 16:18:41,218  INFO WinboardPlayer:70 - Protocol version detected = 2
2013-05-04 16:19:57,796  INFO WinboardPlayer:70 - Protocol version detected = 2
2013-05-04 16:39:01,250  INFO WinboardPlayer:70 - Protocol version detected = 2
2013-05-04 16:40:11,109  INFO WinboardPlayer:70 - Protocol version detected = 2
2013-05-04 16:43:21,250  INFO WinboardPlayer:70 - Protocol version detected = 2
2013-05-04 16:47:41,046  INFO WinboardPlayer:70 - Protocol version detected = 2
2013-05-08 22:36:37,796  INFO WinboardPlayer:70 - Protocol version detected = 2
2013-05-08 22:37:55,546  INFO WinboardPlayer:70 - Protocol version detected = 2
2013-05-08 22:40:42,562  INFO WinboardPlayer:70 - Protocol version detected = 2
2013-05-09 15:48:41,000  INFO WinboardPlayer:70 - Protocol version detected = 2
2013-05-09 15:49:40,359  INFO WinboardPlayer:70 - Protocol version detected = 2
2013-05-09 15:54:31,718  INFO WinboardPlayer:70 - Protocol version detected = 2
2013-05-09 15:54:51,453  INFO WinboardPlayer:70 - Protocol version detected = 2
2013-05-11 22:56:06,640  INFO WinboardPlayer:70 - Protocol version detected = 2
2013-05-16 22:42:51,625  INFO WinboardPlayer:70 - Protocol version detected = 2
2013-05-18 21:16:00,781  INFO WinboardPlayer:70 - Protocol version detected = 2
2013-05-18 21:17:27,375  INFO WinboardPlayer:70 - Protocol version detected = 2
2013-05-18 21:20:33,000  INFO WinboardPlayer:70 - Protocol version detected = 2
2013-05-18 21:22:50,250  INFO WinboardPlayer:70 - Protocol version detected = 2
2013-05-19 16:56:02,890  INFO WinboardPlayer:70 - Protocol version detected = 2
2013-05-19 17:00:09,640  INFO WinboardPlayer:70 - Protocol version detected = 2
2013-05-19 17:00:44,843  INFO WinboardPlayer:70 - Protocol version detected = 2
2013-05-19 17:08:51,093  INFO WinboardPlayer:70 - Protocol version detected = 2
2013-05-19 17:09:37,968  INFO WinboardPlayer:70 - Protocol version detected = 2
2013-05-19 17:09:49,718  INFO WinboardPlayer:70 - Protocol version detected = 2
2013-05-19 17:10:24,750  INFO WinboardPlayer:70 - Protocol version detected = 2
2013-05-19 17:19:27,921  INFO WinboardPlayer:70 - Protocol version detected = 2
2013-05-19 17:21:16,093  INFO WinboardPlayer:70 - Protocol version detected = 2
2013-05-19 17:23:38,343  INFO WinboardPlayer:70 - Protocol version detected = 2
2013-05-19 17:25:22,437  INFO WinboardPlayer:70 - Protocol version detected = 2
2013-05-19 17:28:57,109  INFO WinboardPlayer:70 - Protocol version detected = 2
2013-05-19 17:30:16,609  INFO WinboardPlayer:70 - Protocol version detected = 2
2013-05-19 17:30:51,671  INFO WinboardPlayer:70 - Protocol version detected = 2
2013-05-19 18:27:43,906  INFO WinboardPlayer:70 - Protocol version detected = 2
2013-05-19 19:24:28,078  INFO WinboardPlayer:70 - Protocol version detected = 2
2013-05-19 19:26:32,781  INFO WinboardPlayer:70 - Protocol version detected = 2
2013-05-19 19:26:42,062  INFO WinboardPlayer:70 - Protocol version detected = 2
2013-05-19 19:30:15,703  INFO WinboardPlayer:70 - Protocol version detected = 2
2013-05-19 19:48:37,875  INFO WinboardPlayer:70 - Protocol version detected = 2
2013-05-19 19:49:17,156  INFO WinboardPlayer:70 - Protocol version detected = 2
2013-05-19 19:55:30,609  INFO WinboardPlayer:70 - Protocol version detected = 2
2013-05-19 19:57:13,734  INFO WinboardPlayer:70 - Protocol version detected = 2
2013-05-19 19:58:04,703  INFO WinboardPlayer:70 - Protocol version detected = 2
2013-05-19 19:59:32,921  INFO WinboardPlayer:70 - Protocol version detected = 2
2013-05-19 21:14:34,093  INFO WinboardPlayer:70 - Protocol version detected = 2
2013-05-19 21:17:16,515  INFO WinboardPlayer:70 - Protocol version detected = 2
2013-05-19 21:19:26,046  INFO WinboardPlayer:70 - Protocol version detected = 2
2013-05-19 21:22:28,140  INFO WinboardPlayer:70 - Protocol version detected = 2
2013-05-19 21:28:32,734  INFO WinboardPlayer:70 - Protocol version detected = 2
2013-05-19 21:29:42,781  INFO WinboardPlayer:70 - Protocol version detected = 2
2013-05-19 21:31:13,187  INFO WinboardPlayer:70 - Protocol version detected = 2
2013-05-19 21:41:00,812  INFO WinboardPlayer:70 - Protocol version detected = 2
2013-05-19 21:58:08,046  INFO WinboardPlayer:70 - Protocol version detected = 2
2013-05-19 22:01:48,015  INFO WinboardPlayer:70 - Protocol version detected = 2
2013-05-20 22:08:30,734  INFO WinboardPlayer:70 - Protocol version detected = 2
2013-05-20 22:17:12,437  INFO WinboardPlayer:70 - Protocol version detected = 2
2013-05-20 22:17:19,187  INFO WinboardPlayer:70 - Protocol version detected = 2
2013-05-20 22:17:24,390  INFO WinboardPlayer:70 - Protocol version detected = 2
2013-05-20 22:17:42,093  INFO WinboardPlayer:70 - Protocol version detected = 2
2013-05-20 22:21:11,953  INFO WinboardPlayer:70 - Protocol version detected = 2
2013-05-20 22:21:25,906  INFO WinboardPlayer:70 - Protocol version detected = 2
2013-05-20 22:23:19,015  INFO WinboardPlayer:70 - Protocol version detected = 2
2013-05-20 22:23:29,546  INFO WinboardPlayer:70 - Protocol version detected = 2
2013-05-20 22:23:48,187  INFO WinboardPlayer:70 - Protocol version detected = 2
2013-05-20 22:25:50,984  INFO WinboardPlayer:70 - Protocol version detected = 2
2013-05-20 22:34:55,843  INFO WinboardPlayer:70 - Protocol version detected = 2
2013-05-20 22:41:30,750  INFO WinboardPlayer:70 - Protocol version detected = 2
2013-05-20 22:41:42,281  INFO WinboardPlayer:70 - Protocol version detected = 2
2013-06-18 22:28:30,250  INFO WinboardPlayer:70 - Protocol version detected = 2
2013-06-18 22:33:34,937  INFO WinboardPlayer:70 - Protocol version detected = 2
2013-06-18 22:34:39,421  INFO WinboardPlayer:70 - Protocol version detected = 2
2013-06-28 22:33:39,156  INFO WinboardPlayer:70 - Protocol version detected = 2
2013-06-28 22:34:37,765  INFO WinboardPlayer:70 - Protocol version detected = 2
2013-06-28 22:40:58,406  INFO WinboardPlayer:70 - Protocol version detected = 2
2013-06-28 23:05:44,718  INFO WinboardPlayer:70 - Protocol version detected = 2
2013-06-28 23:10:35,062  INFO WinboardPlayer:70 - Protocol version detected = 2
2013-06-28 23:11:06,796  INFO WinboardPlayer:70 - Protocol version detected = 2
2013-06-28 23:11:25,593  INFO WinboardPlayer:70 - Protocol version detected = 2
2013-06-28 23:12:36,156  INFO WinboardPlayer:70 - Protocol version detected = 2
2013-06-28 23:32:08,109  INFO WinboardPlayer:70 - Protocol version detected = 2
2013-06-29 16:15:54,921  INFO WinboardPlayer:70 - Protocol version detected = 2
2013-06-29 16:26:27,765  INFO WinboardPlayer:70 - Protocol version detected = 2
2013-06-29 16:29:48,796  INFO WinboardPlayer:70 - Protocol version detected = 2
2013-06-29 16:31:44,203  INFO WinboardPlayer:70 - Protocol version detected = 2
2013-06-29 16:31:49,765  INFO WinboardPlayer:70 - Protocol version detected = 2
2013-06-29 16:32:06,750  INFO WinboardPlayer:70 - Protocol version detected = 2
2013-06-29 17:03:27,406  INFO WinboardPlayer:70 - Protocol version detected = 2
2013-06-29 17:03:49,015  INFO WinboardPlayer:70 - Protocol version detected = 2
2013-06-29 17:06:58,937  INFO WinboardPlayer:70 - Protocol version detected = 2
2013-06-29 17:07:29,328  INFO WinboardPlayer:70 - Protocol version detected = 2
2013-06-29 17:08:17,593  INFO WinboardPlayer:70 - Protocol version detected = 2
2013-06-29 17:09:18,546  INFO WinboardPlayer:70 - Protocol version detected = 2
2013-06-29 17:10:59,156  INFO WinboardPlayer:70 - Protocol version detected = 2
2013-06-29 17:46:21,203  INFO WinboardPlayer:70 - Protocol version detected = 2
2013-06-29 17:48:34,328  INFO WinboardPlayer:70 - Protocol version detected = 2
2013-06-29 17:48:44,093  INFO WinboardPlayer:70 - Protocol version detected = 2
2013-06-29 17:52:52,937  INFO WinboardPlayer:70 - Protocol version detected = 2
2013-06-29 17:53:01,031  INFO WinboardPlayer:70 - Protocol version detected = 2
2013-06-29 17:54:03,765  INFO WinboardPlayer:70 - Protocol version detected = 2
2013-06-29 17:58:45,843  INFO WinboardPlayer:70 - Protocol version detected = 2
2013-06-29 17:59:29,984  INFO WinboardPlayer:70 - Protocol version detected = 2
2013-06-29 18:00:11,359  INFO WinboardPlayer:70 - Protocol version detected = 2
2013-06-29 18:00:29,859  INFO WinboardPlayer:70 - Protocol version detected = 2
2013-06-29 18:01:22,765  INFO WinboardPlayer:70 - Protocol version detected = 2
2013-06-29 18:01:37,593  INFO WinboardPlayer:70 - Protocol version detected = 2
2013-06-29 18:02:11,359  INFO WinboardPlayer:70 - Protocol version detected = 2
2013-06-29 18:03:29,656  INFO WinboardPlayer:70 - Protocol version detected = 2
2013-06-29 18:03:51,984  INFO WinboardPlayer:70 - Protocol version detected = 2
2013-06-29 18:05:41,453  INFO WinboardPlayer:70 - Protocol version detected = 2
2013-06-29 18:06:15,562  INFO WinboardPlayer:70 - Protocol version detected = 2
2013-06-29 19:21:38,890  INFO WinboardPlayer:70 - Protocol version detected = 2
2013-06-29 19:23:21,437  INFO WinboardPlayer:70 - Protocol version detected = 2
2013-06-29 19:24:34,765  INFO WinboardPlayer:70 - Protocol version detected = 2
2013-06-29 19:40:58,546  INFO WinboardPlayer:70 - Protocol version detected = 2
2013-06-29 19:54:48,187  INFO WinboardPlayer:70 - Protocol version detected = 2
2013-06-29 19:55:06,125  INFO WinboardPlayer:70 - Protocol version detected = 2
2013-06-29 19:55:15,515  INFO WinboardPlayer:70 - Protocol version detected = 2
2013-06-29 21:49:11,000  INFO WinboardPlayer:70 - Protocol version detected = 2
2013-06-30 19:03:23,718  INFO WinboardPlayer:70 - Protocol version detected = 2
2013-06-30 19:06:54,140  INFO WinboardPlayer:70 - Protocol version detected = 2
2013-06-30 19:08:16,187  INFO WinboardPlayer:70 - Protocol version detected = 2
2013-06-30 19:08:46,593  INFO WinboardPlayer:70 - Protocol version detected = 2
2013-06-30 19:09:49,140  INFO WinboardPlayer:70 - Protocol version detected = 2
2013-06-30 19:11:09,828  INFO WinboardPlayer:70 - Protocol version detected = 2
2013-06-30 19:11:25,671  INFO WinboardPlayer:70 - Protocol version detected = 2
2013-06-30 19:12:00,359  INFO WinboardPlayer:70 - Protocol version detected = 2
2013-06-30 19:13:36,265  INFO WinboardPlayer:70 - Protocol version detected = 2
2013-06-30 19:15:07,234  INFO WinboardPlayer:70 - Protocol version detected = 2
2013-06-30 19:16:28,078  INFO WinboardPlayer:70 - Protocol version detected = 2
2013-06-30 19:18:53,953  INFO WinboardPlayer:70 - Protocol version detected = 2
2013-06-30 19:27:04,953  INFO WinboardPlayer:70 - Protocol version detected = 2
2013-06-30 19:29:48,296  INFO WinboardPlayer:70 - Protocol version detected = 2
2013-06-30 19:30:39,062  INFO WinboardPlayer:70 - Protocol version detected = 2
2013-06-30 19:32:53,734  INFO WinboardPlayer:70 - Protocol version detected = 2
2013-06-30 19:35:35,312  INFO WinboardPlayer:70 - Protocol version detected = 2
2013-06-30 19:56:58,109  INFO WinboardPlayer:70 - Protocol version detected = 2
2013-07-03 21:36:59,484  INFO WinboardPlayer:70 - Protocol version detected = 2
2013-07-03 21:49:09,343  INFO WinboardPlayer:70 - Protocol version detected = 2
2013-07-03 21:49:21,593  INFO WinboardPlayer:70 - Protocol version detected = 2
2013-07-03 22:12:49,875  INFO WinboardPlayer:70 - Protocol version detected = 2
2013-07-03 22:17:54,968  INFO WinboardPlayer:70 - Protocol version detected = 2
2013-07-03 22:35:12,515  INFO WinboardPlayer:70 - Protocol version detected = 2
2013-07-03 22:37:34,843  INFO WinboardPlayer:70 - Protocol version detected = 2
2013-07-03 22:38:41,171  INFO WinboardPlayer:70 - Protocol version detected = 2
2013-07-03 22:38:51,984  INFO WinboardPlayer:70 - Protocol version detected = 2
2013-07-03 22:39:13,546  INFO WinboardPlayer:70 - Protocol version detected = 2
2013-07-03 22:39:29,078  INFO WinboardPlayer:70 - Protocol version detected = 2
2013-07-03 22:49:31,015  INFO WinboardPlayer:70 - Protocol version detected = 2
2013-07-03 22:50:14,500  INFO WinboardPlayer:70 - Protocol version detected = 2
2013-07-04 22:15:48,390  INFO WinboardPlayer:70 - Protocol version detected = 2
2013-07-04 22:18:31,781  INFO WinboardPlayer:70 - Protocol version detected = 2
2013-07-04 22:22:10,656  INFO WinboardPlayer:70 - Protocol version detected = 2
2013-07-04 22:23:36,656  INFO WinboardPlayer:70 - Protocol version detected = 2
2013-07-04 22:33:02,781  INFO WinboardPlayer:70 - Protocol version detected = 2
2013-07-04 22:33:54,718  INFO WinboardPlayer:70 - Protocol version detected = 2
2013-07-06 19:38:44,406  INFO WinboardPlayer:70 - Protocol version detected = 2
2013-07-06 22:13:50,218  INFO WinboardPlayer:70 - Protocol version detected = 2
2013-07-06 22:17:57,734  INFO WinboardPlayer:70 - Protocol version detected = 2
2013-07-06 22:25:43,281  INFO WinboardPlayer:70 - Protocol version detected = 2
2013-07-06 22:28:10,984  INFO WinboardPlayer:70 - Protocol version detected = 2
2013-07-06 22:29:43,187  INFO WinboardPlayer:70 - Protocol version detected = 2
2013-07-06 22:46:08,984  INFO WinboardPlayer:70 - Protocol version detected = 2
2013-07-06 23:01:56,531  INFO WinboardPlayer:70 - Protocol version detected = 2
2013-07-06 23:02:52,843  INFO WinboardPlayer:70 - Protocol version detected = 2
2013-07-06 23:05:06,687  INFO WinboardPlayer:70 - Protocol version detected = 2
2013-07-06 23:05:49,109  INFO WinboardPlayer:70 - Protocol version detected = 2
2013-07-07 19:47:20,171  INFO MainRunner:20 - Starting the chess...
2013-07-07 19:47:20,328  INFO WinboardCommunicator:61 - Sent: feature done=0
2013-07-07 19:47:30,609  INFO WinboardCommunicator:69 - Received: OK
2013-07-07 19:49:36,421  INFO WinboardCommunicator:69 - Received: protover 1
2013-07-07 19:49:36,421  INFO WinboardCommunicator:61 - Sent: feature usermove=1
2013-07-07 19:49:36,421  INFO WinboardCommunicator:61 - Sent: feature done=1
2013-07-07 19:49:36,421  INFO WinboardPlayer:70 - Protocol version detected = 1
2013-07-07 19:49:42,765  INFO WinboardCommunicator:69 - Received: go
2013-07-07 19:49:42,765  INFO SimpleEnginePlayer:33 - Move number = 1
2013-07-07 19:49:42,765  INFO WinboardCommunicator:61 - Sent: move e2e4
2013-07-07 19:49:46,921  INFO WinboardCommunicator:69 - Received: move e7e5
2013-07-07 19:49:51,437  INFO WinboardCommunicator:69 - Received: go
2013-07-07 19:49:51,437  INFO SimpleEnginePlayer:33 - Move number = 2
2013-07-07 19:49:51,437  INFO WinboardCommunicator:61 - Sent: move d2d4
2013-07-07 19:49:51,437  INFO WinboardCommunicator:61 - Sent: offer draw
2013-07-07 19:49:57,203  INFO WinboardCommunicator:69 - Received: accept draw
2013-07-07 19:50:00,281  INFO WinboardCommunicator:69 - Received: exit
2013-07-07 19:50:01,718  INFO WinboardCommunicator:69 - Received: quit
2013-07-07 19:50:01,718  INFO MainRunner:34 - Chess are stopped. Bye-bye
2013-07-07 22:21:00,406  INFO WinboardPlayer:70 - Protocol version detected = 2
2013-07-07 22:24:22,296  INFO WinboardPlayer:70 - Protocol version detected = 2
2013-07-07 22:28:41,828  INFO WinboardPlayer:70 - Protocol version detected = 2
2013-07-07 22:30:06,750  INFO WinboardPlayer:70 - Protocol version detected = 2
2013-07-08 22:23:32,203  INFO WinboardPlayer:70 - Protocol version detected = 2
2013-07-08 22:31:36,281  INFO WinboardPlayer:70 - Protocol version detected = 2
2013-07-08 22:32:35,234  INFO WinboardPlayer:70 - Protocol version detected = 2
2013-07-08 22:43:13,796  INFO WinboardPlayer:70 - Protocol version detected = 2
2013-07-09 22:27:14,687  INFO WinboardPlayer:70 - Protocol version detected = 2
2013-07-09 22:30:30,984  INFO WinboardPlayer:70 - Protocol version detected = 2
2013-07-09 22:32:12,750  INFO WinboardPlayer:70 - Protocol version detected = 2
2013-07-09 22:33:34,609  INFO WinboardPlayer:70 - Protocol version detected = 2
2013-07-09 22:43:48,046  INFO WinboardPlayer:70 - Protocol version detected = 2
2013-07-09 22:46:06,359  INFO WinboardPlayer:70 - Protocol version detected = 2
2013-07-09 22:49:56,109  INFO WinboardPlayer:70 - Protocol version detected = 2
2013-07-09 22:52:29,984  INFO WinboardPlayer:70 - Protocol version detected = 2
2013-07-10 22:59:38,031  INFO WinboardPlayer:70 - Protocol version detected = 2
2013-07-10 23:03:19,937  INFO WinboardPlayer:70 - Protocol version detected = 2
2013-07-10 23:03:46,625  INFO WinboardPlayer:70 - Protocol version detected = 2
2013-07-10 23:04:44,203  INFO WinboardPlayer:70 - Protocol version detected = 2
2013-07-10 23:05:17,875  INFO WinboardPlayer:70 - Protocol version detected = 2
2013-07-10 23:06:43,250  INFO WinboardPlayer:70 - Protocol version detected = 2
2013-07-10 23:12:10,703  INFO WinboardPlayer:70 - Protocol version detected = 2
2013-07-10 23:26:31,625  INFO WinboardPlayer:70 - Protocol version detected = 2
2013-07-10 23:32:02,484  INFO WinboardPlayer:70 - Protocol version detected = 2
2013-07-10 23:36:52,000  INFO WinboardPlayer:70 - Protocol version detected = 2
2013-07-10 23:48:49,718  INFO WinboardPlayer:70 - Protocol version detected = 2
2013-07-10 23:48:56,421  INFO WinboardPlayer:70 - Protocol version detected = 2
2013-07-10 23:56:45,046  INFO WinboardPlayer:70 - Protocol version detected = 2
2013-07-10 23:57:41,406  INFO WinboardPlayer:70 - Protocol version detected = 2
2013-07-10 23:58:18,375  INFO WinboardPlayer:70 - Protocol version detected = 2
2013-07-10 23:59:12,921  INFO WinboardPlayer:70 - Protocol version detected = 2
2013-07-11 00:03:25,140  INFO WinboardPlayer:70 - Protocol version detected = 2
2013-07-12 22:22:30,140  INFO WinboardPlayer:70 - Protocol version detected = 2
2013-07-12 22:32:53,859  INFO WinboardPlayer:70 - Protocol version detected = 2
2013-07-12 22:42:03,203  INFO WinboardPlayer:70 - Protocol version detected = 2
2013-07-12 22:42:53,515  INFO WinboardPlayer:70 - Protocol version detected = 2
2013-07-12 22:44:11,562  INFO WinboardPlayer:70 - Protocol version detected = 2
2013-07-12 22:48:59,171  INFO WinboardPlayer:70 - Protocol version detected = 2
2013-07-12 23:00:00,078  INFO WinboardPlayer:70 - Protocol version detected = 2
2013-07-12 23:01:02,812  INFO WinboardPlayer:70 - Protocol version detected = 2
2013-07-12 23:01:25,500  INFO WinboardPlayer:70 - Protocol version detected = 2
2013-07-12 23:01:37,000  INFO WinboardPlayer:70 - Protocol version detected = 2
2013-07-12 23:02:50,171  INFO WinboardPlayer:70 - Protocol version detected = 2
2013-07-12 23:03:30,671  INFO WinboardPlayer:70 - Protocol version detected = 2
2013-07-12 23:04:24,921  INFO WinboardPlayer:70 - Protocol version detected = 2
2013-07-12 23:06:01,625  INFO WinboardPlayer:70 - Protocol version detected = 2
2013-07-12 23:06:20,984  INFO WinboardPlayer:70 - Protocol version detected = 2
2013-07-12 23:07:44,453  INFO WinboardPlayer:70 - Protocol version detected = 2
2013-07-12 23:10:39,953  INFO WinboardPlayer:70 - Protocol version detected = 2
2013-07-12 23:12:45,750  INFO WinboardPlayer:70 - Protocol version detected = 2
2013-07-12 23:15:43,312  INFO WinboardPlayer:70 - Protocol version detected = 2
2013-07-12 23:17:36,406  INFO WinboardPlayer:70 - Protocol version detected = 2
2013-07-12 23:18:04,359  INFO WinboardPlayer:70 - Protocol version detected = 2
2013-07-12 23:19:46,234  INFO WinboardPlayer:70 - Protocol version detected = 2
2013-07-12 23:24:44,125  INFO WinboardPlayer:70 - Protocol version detected = 2
2013-07-13 16:58:17,875  INFO WinboardPlayer:70 - Protocol version detected = 2
2013-07-13 18:51:10,718  INFO WinboardPlayer:70 - Protocol version detected = 2
2013-07-13 18:51:33,406  INFO WinboardPlayer:70 - Protocol version detected = 2
2013-07-13 18:53:12,796  INFO WinboardPlayer:70 - Protocol version detected = 2
2013-07-13 18:57:26,671  INFO WinboardPlayer:70 - Protocol version detected = 2
2013-07-13 18:59:44,921  INFO WinboardPlayer:70 - Protocol version detected = 2
2013-07-13 19:01:27,546  INFO WinboardPlayer:70 - Protocol version detected = 2
2013-07-13 19:02:32,593  INFO WinboardPlayer:70 - Protocol version detected = 2
2013-07-13 19:03:01,031  INFO WinboardPlayer:70 - Protocol version detected = 2
2013-07-13 19:32:22,078  INFO WinboardPlayer:70 - Protocol version detected = 2
2013-07-13 19:34:08,156  INFO WinboardPlayer:70 - Protocol version detected = 2
2013-07-13 19:35:14,343  INFO WinboardPlayer:70 - Protocol version detected = 2
2013-07-13 19:36:11,906  INFO WinboardPlayer:70 - Protocol version detected = 2
2013-07-13 19:36:47,468  INFO WinboardPlayer:70 - Protocol version detected = 2
2013-07-13 19:38:06,015  INFO WinboardPlayer:70 - Protocol version detected = 2
2013-07-13 19:39:49,125  INFO WinboardPlayer:70 - Protocol version detected = 2
2013-07-13 19:42:07,296  INFO WinboardPlayer:70 - Protocol version detected = 2
2013-07-13 19:43:56,093  INFO WinboardPlayer:70 - Protocol version detected = 2
2013-07-13 19:47:02,515  INFO WinboardPlayer:70 - Protocol version detected = 2
2013-07-13 19:48:33,671  INFO WinboardPlayer:70 - Protocol version detected = 2
2013-07-13 19:51:14,406  INFO WinboardPlayer:70 - Protocol version detected = 2
2013-07-13 20:41:25,765  INFO WinboardPlayer:70 - Protocol version detected = 2
2013-07-13 20:42:53,843  INFO WinboardPlayer:70 - Protocol version detected = 2
2013-07-27 21:52:27,406  INFO WinboardPlayer:70 - Protocol version detected = 2
2013-07-27 21:54:21,562  INFO WinboardPlayer:70 - Protocol version detected = 2
2013-10-11 23:05:02,890  INFO WinboardPlayer:70 - Protocol version detected = 2
2013-11-15 22:08:54,046  INFO WinboardPlayer:70 - Protocol version detected = 2
2013-12-07 21:46:57,703  INFO WinboardPlayer:70 - Protocol version detected = 2
2013-12-07 21:48:34,390  INFO WinboardPlayer:70 - Protocol version detected = 2
2013-12-07 22:15:06,968  INFO WinboardPlayer:70 - Protocol version detected = 2
2013-12-08 13:57:29,000  INFO WinboardPlayer:70 - Protocol version detected = 2
2013-12-08 14:02:26,328  INFO WinboardPlayer:70 - Protocol version detected = 2
2013-12-08 14:04:21,734  INFO WinboardPlayer:70 - Protocol version detected = 2
2013-12-08 14:06:28,703  INFO WinboardPlayer:70 - Protocol version detected = 2
2013-12-08 14:43:21,593  INFO WinboardPlayer:70 - Protocol version detected = 2
2013-12-08 14:49:36,078  INFO WinboardPlayer:70 - Protocol version detected = 2
2013-12-08 14:50:21,281  INFO WinboardPlayer:70 - Protocol version detected = 2
2013-12-08 18:14:46,328  INFO WinboardPlayer:70 - Protocol version detected = 2
2013-12-08 18:19:30,640  INFO WinboardPlayer:70 - Protocol version detected = 2
2013-12-08 18:19:43,062  INFO WinboardPlayer:70 - Protocol version detected = 2
2013-12-08 18:24:35,781  INFO WinboardPlayer:70 - Protocol version detected = 2
2013-12-08 18:25:08,703  INFO WinboardPlayer:70 - Protocol version detected = 2
2013-12-08 18:27:19,328  INFO WinboardPlayer:70 - Protocol version detected = 2
2013-12-08 18:28:34,500  INFO WinboardPlayer:70 - Protocol version detected = 2
2013-12-08 18:30:08,406  INFO WinboardPlayer:70 - Protocol version detected = 2
2013-12-08 18:30:33,625  INFO WinboardPlayer:70 - Protocol version detected = 2
2013-12-08 18:30:48,156  INFO WinboardPlayer:70 - Protocol version detected = 2
2013-12-08 18:31:05,546  INFO WinboardPlayer:70 - Protocol version detected = 2
2013-12-08 18:31:43,109  INFO WinboardPlayer:70 - Protocol version detected = 2
2013-12-09 21:12:47,765  INFO WinboardPlayer:70 - Protocol version detected = 2
2013-12-09 21:29:01,031  INFO WinboardPlayer:70 - Protocol version detected = 2
2013-12-09 21:29:36,375  INFO WinboardPlayer:70 - Protocol version detected = 2
2013-12-09 21:35:00,953  INFO WinboardPlayer:70 - Protocol version detected = 2
2013-12-09 21:36:40,359  INFO WinboardPlayer:70 - Protocol version detected = 2
2013-12-09 21:36:48,390  INFO WinboardPlayer:70 - Protocol version detected = 2
2013-12-09 22:06:06,671  INFO WinboardPlayer:70 - Protocol version detected = 2
2013-12-15 22:12:27,890  INFO WinboardPlayer:70 - Protocol version detected = 2
2013-12-15 22:12:57,546  INFO WinboardPlayer:70 - Protocol version detected = 2
2013-12-15 22:17:27,437  INFO WinboardPlayer:70 - Protocol version detected = 2
2013-12-15 22:18:11,218  INFO WinboardPlayer:70 - Protocol version detected = 2
2013-12-15 22:32:05,312  INFO WinboardPlayer:70 - Protocol version detected = 2
2013-12-30 22:48:13,984  INFO MainRunner:20 - Starting the chess...
2013-12-30 22:48:14,187  INFO WinboardCommunicator:61 - Sent: feature done=0
2013-12-30 22:48:33,984  INFO WinboardCommunicator:69 - Received: xboard
2013-12-30 22:48:33,984  INFO WinboardPlayer:38 - Ready to work
2013-12-30 22:48:44,687  INFO WinboardCommunicator:69 - Received: protover=2
2013-12-30 22:49:12,781  INFO MainRunner:20 - Starting the chess...
2013-12-30 22:49:12,796  INFO WinboardCommunicator:61 - Sent: feature done=0
2013-12-30 22:49:17,125  INFO WinboardCommunicator:69 - Received: xboard
2013-12-30 22:49:17,125  INFO WinboardPlayer:38 - Ready to work
2013-12-30 22:49:20,140  INFO WinboardCommunicator:69 - Received: protover 2
2013-12-30 22:49:20,140  INFO WinboardCommunicator:61 - Sent: feature usermove=1
2013-12-30 22:49:20,140  INFO WinboardCommunicator:61 - Sent: feature done=1
2013-12-30 22:49:20,140  INFO WinboardPlayer:70 - Protocol version detected = 2
2013-12-30 22:49:40,000  INFO WinboardCommunicator:69 - Received: go
2013-12-30 22:49:40,000  INFO SimpleEnginePlayer:33 - Move number = 1
2013-12-30 22:49:40,000  INFO WinboardCommunicator:61 - Sent: move e2e4
2013-12-30 22:50:07,734  INFO WinboardCommunicator:69 - Received: white
2013-12-30 23:00:55,937  INFO WinboardCommunicator:69 - Received: 
2013-12-30 23:00:58,859  INFO WinboardCommunicator:69 - Received: quit
2013-12-30 23:00:58,859  INFO MainRunner:34 - Chess are stopped. Bye-bye
2014-01-01 00:49:09,140  INFO WinboardPlayer:70 - Protocol version detected = 2
2014-01-02 21:31:57,375  INFO WinboardPlayer:70 - Protocol version detected = 2
2014-01-02 21:52:20,031  INFO WinboardPlayer:70 - Protocol version detected = 2
2014-01-02 21:52:51,140  INFO WinboardPlayer:70 - Protocol version detected = 2
2014-01-02 22:07:06,078  INFO WinboardPlayer:70 - Protocol version detected = 2
2014-01-02 22:11:26,640  INFO WinboardPlayer:70 - Protocol version detected = 2
2014-01-02 22:12:56,703  INFO WinboardPlayer:70 - Protocol version detected = 2
2014-01-02 22:13:48,625  INFO WinboardPlayer:70 - Protocol version detected = 2
2014-01-02 22:14:02,906  INFO WinboardPlayer:70 - Protocol version detected = 2
2014-01-02 22:31:32,656  INFO WinboardPlayer:70 - Protocol version detected = 2
2014-01-02 22:33:33,578  INFO MainRunner:21 - Starting the chess...
2014-01-02 22:33:33,578  INFO WinboardCommunicator:61 - Sent: feature done=0
2014-01-02 22:33:38,953  INFO WinboardCommunicator:69 - Received: null
2014-01-02 23:05:49,750  INFO WinboardPlayer:70 - Protocol version detected = 2
2014-01-03 22:11:25,156  INFO WinboardPlayer:70 - Protocol version detected = 2
2014-01-03 22:23:14,187  INFO WinboardPlayer:70 - Protocol version detected = 2
2014-01-03 22:28:17,125  INFO WinboardPlayer:70 - Protocol version detected = 2
